21:39:15.586 [main] DEBUG api.test.UserTests2 - debugging............
21:39:15.604 [main] INFO  api.test.UserTests2 - ********* Creating user*************
21:39:18.653 [main] INFO  api.test.UserTests2 - ********* Get user by ID*************
21:39:20.464 [main] DEBUG api.test.userPOSTInvalidTest - debugging............
21:39:20.465 [main] INFO  api.test.userPOSTInvalidTest - ********* Creating POSTInvalidRequests*************
21:39:20.470 [main] INFO  api.test.userPOSTInvalidTest - ********* performPutRequest*************
21:39:20.470 [main] INFO  api.test.userPOSTInvalidTest - ********* createRequestBody*************
21:39:20.899 [main] INFO  api.test.userPOSTInvalidTest - ********* performPutRequest*************
21:39:20.899 [main] INFO  api.test.userPOSTInvalidTest - ********* createRequestBody*************
21:39:21.356 [main] DEBUG api.test.getInvalidTest - debugging............
21:39:21.358 [main] INFO  api.test.getInvalidTest - ********* invalidUserIds*************
21:39:21.360 [main] INFO  api.test.getInvalidTest - ********* testGetUserWithInvalidId*************
21:39:21.802 [main] INFO  api.test.getInvalidTest - ********* testGetUserWithInvalidId*************
21:39:22.222 [main] INFO  api.test.getInvalidTest - ********* invalidUserIdsAlphaNum*************
21:39:22.224 [main] INFO  api.test.getInvalidTest - ********* testGetUserWithInvalidIdAlphaNum*************
21:39:22.614 [main] INFO  api.test.getInvalidTest - ********* testGetUserWithInvalidIdAlphaNum*************
21:39:23.032 [main] INFO  api.test.getInvalidTest - ********* testGetUserWithoneInvalidId*************
21:39:23.422 [main] INFO  api.test.getInvalidTest - ********* test_getAllUsers*************
21:39:24.507 [main] DEBUG api.test.deleteInvalidTest - debugging............
21:39:24.509 [main] INFO  api.test.deleteInvalidTest - ********* invalidUserIdsDELETE*************
21:39:24.510 [main] INFO  api.test.deleteInvalidTest - ********* testGetUserWithInvalidIdDELETE*************
21:39:24.916 [main] INFO  api.test.deleteInvalidTest - ********* testGetUserWithInvalidIdDELETE*************
21:39:25.339 [main] INFO  api.test.deleteInvalidTest - ********* invalidUserIdsAlphaNumDELETE*************
21:39:25.340 [main] INFO  api.test.deleteInvalidTest - ********* testGetUserWithInvalidIdAlphaNumDELETE*************
21:39:25.779 [main] INFO  api.test.deleteInvalidTest - ********* testGetUserWithInvalidIdAlphaNumDELETE*************
21:41:38.396 [main] DEBUG api.test.UserTests2 - debugging............
21:41:38.419 [main] INFO  api.test.UserTests2 - ********* Creating user*************
21:41:41.377 [main] INFO  api.test.UserTests2 - ********* Get user by ID*************
21:41:43.195 [main] DEBUG api.test.userPOSTInvalidTest - debugging............
21:41:43.196 [main] INFO  api.test.userPOSTInvalidTest - ********* Creating POSTInvalidRequests*************
21:41:43.200 [main] INFO  api.test.userPOSTInvalidTest - ********* performPutRequest*************
21:41:43.201 [main] INFO  api.test.userPOSTInvalidTest - ********* createRequestBody*************
21:41:43.605 [main] INFO  api.test.userPOSTInvalidTest - ********* performPutRequest*************
21:41:43.605 [main] INFO  api.test.userPOSTInvalidTest - ********* createRequestBody*************
21:41:44.026 [main] DEBUG api.test.getInvalidTest - debugging............
21:41:44.028 [main] INFO  api.test.getInvalidTest - ********* invalidUserIds*************
21:41:44.031 [main] INFO  api.test.getInvalidTest - ********* testGetUserWithInvalidId*************
21:41:44.489 [main] INFO  api.test.getInvalidTest - ********* testGetUserWithInvalidId*************
21:41:44.923 [main] INFO  api.test.getInvalidTest - ********* invalidUserIdsAlphaNum*************
21:41:44.924 [main] INFO  api.test.getInvalidTest - ********* testGetUserWithInvalidIdAlphaNum*************
21:41:45.350 [main] INFO  api.test.getInvalidTest - ********* testGetUserWithInvalidIdAlphaNum*************
21:41:45.776 [main] INFO  api.test.getInvalidTest - ********* testGetUserWithoneInvalidId*************
21:41:46.268 [main] INFO  api.test.getInvalidTest - ********* test_getAllUsers*************
21:41:47.366 [main] DEBUG api.test.userUpdateInvalidTest - debugging............
21:41:47.367 [main] INFO  api.test.userUpdateInvalidTest - ********* testUsingUserObject*************
21:41:47.372 [main] INFO  api.test.userUpdateInvalidTest - ********* testPutRequests*************
21:41:47.372 [main] INFO  api.test.userUpdateInvalidTest - ********* performUpdateRequest*************
21:41:47.372 [main] INFO  api.test.userUpdateInvalidTest - ********* createRequestBodyUpdateRequest*************
21:41:47.825 [main] DEBUG api.test.deleteInvalidTest - debugging............
21:41:47.827 [main] INFO  api.test.deleteInvalidTest - ********* invalidUserIdsDELETE*************
21:41:47.828 [main] INFO  api.test.deleteInvalidTest - ********* testGetUserWithInvalidIdDELETE*************
21:41:48.254 [main] INFO  api.test.deleteInvalidTest - ********* testGetUserWithInvalidIdDELETE*************
21:41:48.671 [main] INFO  api.test.deleteInvalidTest - ********* invalidUserIdsAlphaNumDELETE*************
21:41:48.672 [main] INFO  api.test.deleteInvalidTest - ********* testGetUserWithInvalidIdAlphaNumDELETE*************
21:41:49.113 [main] INFO  api.test.deleteInvalidTest - ********* testGetUserWithInvalidIdAlphaNumDELETE*************
21:47:02.083 [main] DEBUG api.test.UserTests2 - debugging............
21:47:02.106 [main] INFO  api.test.UserTests2 - ********* Creating user*************
21:47:05.041 [main] INFO  api.test.UserTests2 - ********* Get user by ID*************
21:47:06.878 [main] DEBUG api.test.userPOSTInvalidTest - debugging............
21:47:06.879 [main] INFO  api.test.userPOSTInvalidTest - ********* Creating POSTInvalidRequests*************
21:47:06.883 [main] INFO  api.test.userPOSTInvalidTest - ********* performPutRequest*************
21:47:06.883 [main] INFO  api.test.userPOSTInvalidTest - ********* createRequestBody*************
21:47:07.321 [main] INFO  api.test.userPOSTInvalidTest - ********* performPutRequest*************
21:47:07.321 [main] INFO  api.test.userPOSTInvalidTest - ********* createRequestBody*************
21:47:07.738 [main] DEBUG api.test.getInvalidTest - debugging............
21:47:07.740 [main] INFO  api.test.getInvalidTest - ********* invalidUserIds*************
21:47:07.742 [main] INFO  api.test.getInvalidTest - ********* testGetUserWithInvalidId*************
21:47:08.184 [main] INFO  api.test.getInvalidTest - ********* testGetUserWithInvalidId*************
21:47:08.588 [main] INFO  api.test.getInvalidTest - ********* invalidUserIdsAlphaNum*************
21:47:08.589 [main] INFO  api.test.getInvalidTest - ********* testGetUserWithInvalidIdAlphaNum*************
21:47:09.001 [main] INFO  api.test.getInvalidTest - ********* testGetUserWithInvalidIdAlphaNum*************
21:47:09.397 [main] INFO  api.test.getInvalidTest - ********* testGetUserWithoneInvalidId*************
21:47:09.849 [main] INFO  api.test.getInvalidTest - ********* test_getAllUsers*************
21:47:10.899 [main] DEBUG api.test.userUpdateInvalidTest - debugging............
21:47:10.900 [main] INFO  api.test.userUpdateInvalidTest - ********* testUsingUserObject*************
21:47:10.906 [main] INFO  api.test.userUpdateInvalidTest - ********* testPutRequests*************
21:47:10.906 [main] INFO  api.test.userUpdateInvalidTest - ********* performUpdateRequest*************
21:47:10.906 [main] INFO  api.test.userUpdateInvalidTest - ********* createRequestBodyUpdateRequest*************
21:47:11.333 [main] DEBUG api.test.deleteInvalidTest - debugging............
21:47:11.334 [main] INFO  api.test.deleteInvalidTest - ********* invalidUserIdsDELETE*************
21:47:11.334 [main] INFO  api.test.deleteInvalidTest - ********* testGetUserWithInvalidIdDELETE*************
21:47:11.773 [main] INFO  api.test.deleteInvalidTest - ********* testGetUserWithInvalidIdDELETE*************
21:47:12.220 [main] INFO  api.test.deleteInvalidTest - ********* invalidUserIdsAlphaNumDELETE*************
21:47:12.221 [main] INFO  api.test.deleteInvalidTest - ********* testGetUserWithInvalidIdAlphaNumDELETE*************
21:47:12.621 [main] INFO  api.test.deleteInvalidTest - ********* testGetUserWithInvalidIdAlphaNumDELETE*************
21:52:31.007 [main] DEBUG api.test.UserTests2 - debugging............
21:52:31.025 [main] INFO  api.test.UserTests2 - ********* Creating user*************
21:52:33.879 [main] INFO  api.test.UserTests2 - ********* Get user by ID*************
21:52:35.726 [main] DEBUG api.test.userPOSTInvalidTest - debugging............
21:52:35.736 [main] DEBUG api.test.getInvalidTest - debugging............
21:52:35.737 [main] INFO  api.test.getInvalidTest - ********* invalidUserIds*************
21:52:35.739 [main] INFO  api.test.getInvalidTest - ********* testGetUserWithInvalidId*************
21:52:36.171 [main] INFO  api.test.getInvalidTest - ********* testGetUserWithInvalidId*************
21:52:36.629 [main] INFO  api.test.getInvalidTest - ********* invalidUserIdsAlphaNum*************
21:52:36.631 [main] INFO  api.test.getInvalidTest - ********* testGetUserWithInvalidIdAlphaNum*************
21:52:37.051 [main] INFO  api.test.getInvalidTest - ********* testGetUserWithInvalidIdAlphaNum*************
21:52:37.467 [main] INFO  api.test.getInvalidTest - ********* testGetUserWithoneInvalidId*************
21:52:37.900 [main] INFO  api.test.getInvalidTest - ********* test_getAllUsers*************
21:52:39.003 [main] DEBUG api.test.userUpdateInvalidTest - debugging............
21:52:39.003 [main] INFO  api.test.userUpdateInvalidTest - ********* testUsingUserObject*************
21:52:39.011 [main] INFO  api.test.userUpdateInvalidTest - ********* testPutRequests*************
21:52:39.012 [main] INFO  api.test.userUpdateInvalidTest - ********* performUpdateRequest*************
21:52:39.020 [main] INFO  api.test.userUpdateInvalidTest - ********* createRequestBodyUpdateRequest*************
21:52:39.450 [main] INFO  api.test.userUpdateInvalidTest - ********* performUpdateRequest*************
21:52:39.450 [main] INFO  api.test.userUpdateInvalidTest - ********* createRequestBodyUpdateRequest*************
21:52:39.852 [main] INFO  api.test.userUpdateInvalidTest - ********* performUpdateRequest*************
21:52:39.852 [main] INFO  api.test.userUpdateInvalidTest - ********* createRequestBodyUpdateRequest*************
21:52:40.286 [main] INFO  api.test.userUpdateInvalidTest - ********* performUpdateRequest*************
21:52:40.286 [main] INFO  api.test.userUpdateInvalidTest - ********* createRequestBodyUpdateRequest*************
21:52:40.723 [main] INFO  api.test.userUpdateInvalidTest - ********* performUpdateRequest*************
21:52:40.724 [main] INFO  api.test.userUpdateInvalidTest - ********* createRequestBodyUpdateRequest*************
21:52:41.144 [main] INFO  api.test.userUpdateInvalidTest - ********* performUpdateRequest*************
21:52:41.145 [main] INFO  api.test.userUpdateInvalidTest - ********* createRequestBodyUpdateRequest*************
21:52:41.547 [main] INFO  api.test.userUpdateInvalidTest - ********* performUpdateRequest*************
21:52:41.547 [main] INFO  api.test.userUpdateInvalidTest - ********* createRequestBodyUpdateRequest*************
21:52:41.996 [main] INFO  api.test.userUpdateInvalidTest - ********* performUpdateRequest*************
21:52:41.997 [main] INFO  api.test.userUpdateInvalidTest - ********* createRequestBodyUpdateRequest*************
21:52:42.404 [main] INFO  api.test.userUpdateInvalidTest - ********* performUpdateRequest*************
21:52:42.404 [main] INFO  api.test.userUpdateInvalidTest - ********* createRequestBodyUpdateRequest*************
21:52:42.796 [main] INFO  api.test.userUpdateInvalidTest - ********* performUpdateRequest*************
21:52:42.796 [main] INFO  api.test.userUpdateInvalidTest - ********* createRequestBodyUpdateRequest*************
21:52:43.241 [main] INFO  api.test.userUpdateInvalidTest - ********* performUpdateRequest*************
21:52:43.242 [main] INFO  api.test.userUpdateInvalidTest - ********* createRequestBodyUpdateRequest*************
21:52:43.681 [main] INFO  api.test.userUpdateInvalidTest - ********* performUpdateRequest*************
21:52:43.682 [main] INFO  api.test.userUpdateInvalidTest - ********* createRequestBodyUpdateRequest*************
21:52:44.076 [main] INFO  api.test.userUpdateInvalidTest - ********* performUpdateRequest*************
21:52:44.077 [main] INFO  api.test.userUpdateInvalidTest - ********* createRequestBodyUpdateRequest*************
21:52:44.479 [main] INFO  api.test.userUpdateInvalidTest - ********* performUpdateRequest*************
21:52:44.479 [main] INFO  api.test.userUpdateInvalidTest - ********* createRequestBodyUpdateRequest*************
21:52:44.893 [main] INFO  api.test.userUpdateInvalidTest - ********* performUpdateRequest*************
21:52:44.893 [main] INFO  api.test.userUpdateInvalidTest - ********* createRequestBodyUpdateRequest*************
21:52:45.321 [main] INFO  api.test.userUpdateInvalidTest - ********* performUpdateRequest*************
21:52:45.321 [main] INFO  api.test.userUpdateInvalidTest - ********* createRequestBodyUpdateRequest*************
21:52:45.815 [main] INFO  api.test.userUpdateInvalidTest - ********* performUpdateRequest*************
21:52:45.815 [main] INFO  api.test.userUpdateInvalidTest - ********* createRequestBodyUpdateRequest*************
21:52:46.234 [main] INFO  api.test.userUpdateInvalidTest - ********* performUpdateRequest*************
21:52:46.235 [main] INFO  api.test.userUpdateInvalidTest - ********* createRequestBodyUpdateRequest*************
21:52:46.675 [main] INFO  api.test.userUpdateInvalidTest - ********* performUpdateRequest*************
21:52:46.675 [main] INFO  api.test.userUpdateInvalidTest - ********* createRequestBodyUpdateRequest*************
21:52:47.079 [main] DEBUG api.test.deleteInvalidTest - debugging............
21:52:47.079 [main] INFO  api.test.deleteInvalidTest - ********* invalidUserIdsDELETE*************
21:52:47.080 [main] INFO  api.test.deleteInvalidTest - ********* testGetUserWithInvalidIdDELETE*************
21:52:47.531 [main] INFO  api.test.deleteInvalidTest - ********* testGetUserWithInvalidIdDELETE*************
21:52:47.933 [main] INFO  api.test.deleteInvalidTest - ********* invalidUserIdsAlphaNumDELETE*************
21:52:47.934 [main] INFO  api.test.deleteInvalidTest - ********* testGetUserWithInvalidIdAlphaNumDELETE*************
21:52:48.368 [main] INFO  api.test.deleteInvalidTest - ********* testGetUserWithInvalidIdAlphaNumDELETE*************
21:54:45.535 [main] DEBUG api.test.UserTests2 - debugging............
21:54:45.557 [main] INFO  api.test.UserTests2 - ********* Creating user*************
21:54:48.489 [main] INFO  api.test.UserTests2 - ********* Get user by ID*************
21:54:50.274 [main] DEBUG api.test.userPOSTInvalidTest - debugging............
21:54:50.275 [main] INFO  api.test.userPOSTInvalidTest - ********* Creating POSTInvalidRequests*************
21:54:50.278 [main] INFO  api.test.userPOSTInvalidTest - ********* performPostRequest*************
21:54:50.281 [main] INFO  api.test.userPOSTInvalidTest - ********* createRequestBody*************
21:54:50.699 [main] INFO  api.test.userPOSTInvalidTest - ********* performPostRequest*************
21:54:50.699 [main] INFO  api.test.userPOSTInvalidTest - ********* createRequestBody*************
21:54:51.128 [main] INFO  api.test.userPOSTInvalidTest - ********* performPostRequest*************
21:54:51.128 [main] INFO  api.test.userPOSTInvalidTest - ********* createRequestBody*************
21:54:51.571 [main] INFO  api.test.userPOSTInvalidTest - ********* performPostRequest*************
21:54:51.572 [main] INFO  api.test.userPOSTInvalidTest - ********* createRequestBody*************
21:54:51.988 [main] INFO  api.test.userPOSTInvalidTest - ********* performPostRequest*************
21:54:51.988 [main] INFO  api.test.userPOSTInvalidTest - ********* createRequestBody*************
21:54:52.413 [main] INFO  api.test.userPOSTInvalidTest - ********* performPostRequest*************
21:54:52.413 [main] INFO  api.test.userPOSTInvalidTest - ********* createRequestBody*************
21:54:52.814 [main] INFO  api.test.userPOSTInvalidTest - ********* performPostRequest*************
21:54:52.815 [main] INFO  api.test.userPOSTInvalidTest - ********* createRequestBody*************
21:54:53.219 [main] INFO  api.test.userPOSTInvalidTest - ********* performPostRequest*************
21:54:53.219 [main] INFO  api.test.userPOSTInvalidTest - ********* createRequestBody*************
21:54:53.637 [main] INFO  api.test.userPOSTInvalidTest - ********* performPostRequest*************
21:54:53.638 [main] INFO  api.test.userPOSTInvalidTest - ********* createRequestBody*************
21:54:54.083 [main] INFO  api.test.userPOSTInvalidTest - ********* performPostRequest*************
21:54:54.083 [main] INFO  api.test.userPOSTInvalidTest - ********* createRequestBody*************
21:54:54.531 [main] INFO  api.test.userPOSTInvalidTest - ********* performPostRequest*************
21:54:54.532 [main] INFO  api.test.userPOSTInvalidTest - ********* createRequestBody*************
21:54:54.986 [main] INFO  api.test.userPOSTInvalidTest - ********* performPostRequest*************
21:54:54.986 [main] INFO  api.test.userPOSTInvalidTest - ********* createRequestBody*************
21:54:55.409 [main] INFO  api.test.userPOSTInvalidTest - ********* performPostRequest*************
21:54:55.410 [main] INFO  api.test.userPOSTInvalidTest - ********* createRequestBody*************
21:54:55.829 [main] INFO  api.test.userPOSTInvalidTest - ********* performPostRequest*************
21:54:55.830 [main] INFO  api.test.userPOSTInvalidTest - ********* createRequestBody*************
21:54:56.260 [main] INFO  api.test.userPOSTInvalidTest - ********* performPostRequest*************
21:54:56.260 [main] INFO  api.test.userPOSTInvalidTest - ********* createRequestBody*************
21:54:56.673 [main] INFO  api.test.userPOSTInvalidTest - ********* performPostRequest*************
21:54:56.674 [main] INFO  api.test.userPOSTInvalidTest - ********* createRequestBody*************
21:54:57.086 [main] INFO  api.test.userPOSTInvalidTest - ********* performPostRequest*************
21:54:57.086 [main] INFO  api.test.userPOSTInvalidTest - ********* createRequestBody*************
21:54:57.522 [main] INFO  api.test.userPOSTInvalidTest - ********* performPostRequest*************
21:54:57.522 [main] INFO  api.test.userPOSTInvalidTest - ********* createRequestBody*************
21:54:57.938 [main] INFO  api.test.userPOSTInvalidTest - ********* performPostRequest*************
21:54:57.938 [main] INFO  api.test.userPOSTInvalidTest - ********* createRequestBody*************
21:54:58.373 [main] DEBUG api.test.getInvalidTest - debugging............
21:54:58.375 [main] INFO  api.test.getInvalidTest - ********* invalidUserIds*************
21:54:58.378 [main] INFO  api.test.getInvalidTest - ********* testGetUserWithInvalidId*************
21:54:58.818 [main] INFO  api.test.getInvalidTest - ********* testGetUserWithInvalidId*************
21:54:59.227 [main] INFO  api.test.getInvalidTest - ********* invalidUserIdsAlphaNum*************
21:54:59.228 [main] INFO  api.test.getInvalidTest - ********* testGetUserWithInvalidIdAlphaNum*************
21:54:59.643 [main] INFO  api.test.getInvalidTest - ********* testGetUserWithInvalidIdAlphaNum*************
21:55:00.042 [main] INFO  api.test.getInvalidTest - ********* testGetUserWithoneInvalidId*************
21:55:00.470 [main] INFO  api.test.getInvalidTest - ********* test_getAllUsers*************
21:55:01.472 [main] DEBUG api.test.userUpdateInvalidTest - debugging............
21:55:01.472 [main] INFO  api.test.userUpdateInvalidTest - ********* testUsingUserObject*************
21:55:01.480 [main] INFO  api.test.userUpdateInvalidTest - ********* testPutRequests*************
21:55:01.481 [main] INFO  api.test.userUpdateInvalidTest - ********* performUpdateRequest*************
21:55:01.481 [main] INFO  api.test.userUpdateInvalidTest - ********* createRequestBodyUpdateRequest*************
21:55:01.898 [main] INFO  api.test.userUpdateInvalidTest - ********* performUpdateRequest*************
21:55:01.899 [main] INFO  api.test.userUpdateInvalidTest - ********* createRequestBodyUpdateRequest*************
21:55:02.334 [main] INFO  api.test.userUpdateInvalidTest - ********* performUpdateRequest*************
21:55:02.334 [main] INFO  api.test.userUpdateInvalidTest - ********* createRequestBodyUpdateRequest*************
21:55:02.760 [main] INFO  api.test.userUpdateInvalidTest - ********* performUpdateRequest*************
21:55:02.761 [main] INFO  api.test.userUpdateInvalidTest - ********* createRequestBodyUpdateRequest*************
21:55:03.158 [main] INFO  api.test.userUpdateInvalidTest - ********* performUpdateRequest*************
21:55:03.158 [main] INFO  api.test.userUpdateInvalidTest - ********* createRequestBodyUpdateRequest*************
21:55:03.577 [main] INFO  api.test.userUpdateInvalidTest - ********* performUpdateRequest*************
21:55:03.578 [main] INFO  api.test.userUpdateInvalidTest - ********* createRequestBodyUpdateRequest*************
21:55:03.977 [main] INFO  api.test.userUpdateInvalidTest - ********* performUpdateRequest*************
21:55:03.977 [main] INFO  api.test.userUpdateInvalidTest - ********* createRequestBodyUpdateRequest*************
21:55:04.386 [main] INFO  api.test.userUpdateInvalidTest - ********* performUpdateRequest*************
21:55:04.386 [main] INFO  api.test.userUpdateInvalidTest - ********* createRequestBodyUpdateRequest*************
21:55:04.812 [main] INFO  api.test.userUpdateInvalidTest - ********* performUpdateRequest*************
21:55:04.812 [main] INFO  api.test.userUpdateInvalidTest - ********* createRequestBodyUpdateRequest*************
21:55:05.198 [main] INFO  api.test.userUpdateInvalidTest - ********* performUpdateRequest*************
21:55:05.198 [main] INFO  api.test.userUpdateInvalidTest - ********* createRequestBodyUpdateRequest*************
21:55:05.602 [main] INFO  api.test.userUpdateInvalidTest - ********* performUpdateRequest*************
21:55:05.602 [main] INFO  api.test.userUpdateInvalidTest - ********* createRequestBodyUpdateRequest*************
21:55:06.024 [main] INFO  api.test.userUpdateInvalidTest - ********* performUpdateRequest*************
21:55:06.024 [main] INFO  api.test.userUpdateInvalidTest - ********* createRequestBodyUpdateRequest*************
21:55:06.445 [main] INFO  api.test.userUpdateInvalidTest - ********* performUpdateRequest*************
21:55:06.446 [main] INFO  api.test.userUpdateInvalidTest - ********* createRequestBodyUpdateRequest*************
21:55:06.876 [main] INFO  api.test.userUpdateInvalidTest - ********* performUpdateRequest*************
21:55:06.877 [main] INFO  api.test.userUpdateInvalidTest - ********* createRequestBodyUpdateRequest*************
21:55:07.273 [main] INFO  api.test.userUpdateInvalidTest - ********* performUpdateRequest*************
21:55:07.273 [main] INFO  api.test.userUpdateInvalidTest - ********* createRequestBodyUpdateRequest*************
21:55:07.702 [main] INFO  api.test.userUpdateInvalidTest - ********* performUpdateRequest*************
21:55:07.702 [main] INFO  api.test.userUpdateInvalidTest - ********* createRequestBodyUpdateRequest*************
21:55:08.100 [main] INFO  api.test.userUpdateInvalidTest - ********* performUpdateRequest*************
21:55:08.100 [main] INFO  api.test.userUpdateInvalidTest - ********* createRequestBodyUpdateRequest*************
21:55:08.500 [main] INFO  api.test.userUpdateInvalidTest - ********* performUpdateRequest*************
21:55:08.500 [main] INFO  api.test.userUpdateInvalidTest - ********* createRequestBodyUpdateRequest*************
21:55:08.954 [main] INFO  api.test.userUpdateInvalidTest - ********* performUpdateRequest*************
21:55:08.954 [main] INFO  api.test.userUpdateInvalidTest - ********* createRequestBodyUpdateRequest*************
21:55:09.356 [main] DEBUG api.test.deleteInvalidTest - debugging............
21:55:09.357 [main] INFO  api.test.deleteInvalidTest - ********* invalidUserIdsDELETE*************
21:55:09.358 [main] INFO  api.test.deleteInvalidTest - ********* testGetUserWithInvalidIdDELETE*************
21:55:09.763 [main] INFO  api.test.deleteInvalidTest - ********* testGetUserWithInvalidIdDELETE*************
21:55:10.199 [main] INFO  api.test.deleteInvalidTest - ********* invalidUserIdsAlphaNumDELETE*************
21:55:10.201 [main] INFO  api.test.deleteInvalidTest - ********* testGetUserWithInvalidIdAlphaNumDELETE*************
21:55:10.639 [main] INFO  api.test.deleteInvalidTest - ********* testGetUserWithInvalidIdAlphaNumDELETE*************
21:57:25.044 [main] DEBUG api.test.UserTests2 - debugging............
21:57:25.067 [main] INFO  api.test.UserTests2 - ********* Creating user*************
21:57:28.036 [main] INFO  api.test.UserTests2 - ********* Get user by ID*************
21:57:29.936 [main] DEBUG api.test.userPOSTInvalidTest - debugging............
21:57:29.936 [main] INFO  api.test.userPOSTInvalidTest - ********* Creating POSTInvalidRequests*************
21:57:29.941 [main] INFO  api.test.userPOSTInvalidTest - ********* performPostRequest*************
21:57:29.947 [main] INFO  api.test.userPOSTInvalidTest - ********* createRequestBody*************
21:57:30.382 [main] INFO  api.test.userPOSTInvalidTest - ********* performPostRequest*************
21:57:30.382 [main] INFO  api.test.userPOSTInvalidTest - ********* createRequestBody*************
21:57:30.902 [main] INFO  api.test.userPOSTInvalidTest - ********* performPostRequest*************
21:57:30.902 [main] INFO  api.test.userPOSTInvalidTest - ********* createRequestBody*************
21:57:31.321 [main] INFO  api.test.userPOSTInvalidTest - ********* performPostRequest*************
21:57:31.321 [main] INFO  api.test.userPOSTInvalidTest - ********* createRequestBody*************
21:57:31.750 [main] INFO  api.test.userPOSTInvalidTest - ********* performPostRequest*************
21:57:31.750 [main] INFO  api.test.userPOSTInvalidTest - ********* createRequestBody*************
21:57:32.173 [main] INFO  api.test.userPOSTInvalidTest - ********* performPostRequest*************
21:57:32.173 [main] INFO  api.test.userPOSTInvalidTest - ********* createRequestBody*************
21:57:32.580 [main] INFO  api.test.userPOSTInvalidTest - ********* performPostRequest*************
21:57:32.580 [main] INFO  api.test.userPOSTInvalidTest - ********* createRequestBody*************
21:57:33.075 [main] INFO  api.test.userPOSTInvalidTest - ********* performPostRequest*************
21:57:33.076 [main] INFO  api.test.userPOSTInvalidTest - ********* createRequestBody*************
21:57:33.837 [main] INFO  api.test.userPOSTInvalidTest - ********* performPostRequest*************
21:57:33.838 [main] INFO  api.test.userPOSTInvalidTest - ********* createRequestBody*************
21:57:34.244 [main] INFO  api.test.userPOSTInvalidTest - ********* performPostRequest*************
21:57:34.244 [main] INFO  api.test.userPOSTInvalidTest - ********* createRequestBody*************
21:57:34.656 [main] INFO  api.test.userPOSTInvalidTest - ********* performPostRequest*************
21:57:34.656 [main] INFO  api.test.userPOSTInvalidTest - ********* createRequestBody*************
21:57:35.080 [main] INFO  api.test.userPOSTInvalidTest - ********* performPostRequest*************
21:57:35.080 [main] INFO  api.test.userPOSTInvalidTest - ********* createRequestBody*************
21:57:35.569 [main] INFO  api.test.userPOSTInvalidTest - ********* performPostRequest*************
21:57:35.569 [main] INFO  api.test.userPOSTInvalidTest - ********* createRequestBody*************
21:57:36.217 [main] INFO  api.test.userPOSTInvalidTest - ********* performPostRequest*************
21:57:36.217 [main] INFO  api.test.userPOSTInvalidTest - ********* createRequestBody*************
21:57:36.688 [main] INFO  api.test.userPOSTInvalidTest - ********* performPostRequest*************
21:57:36.689 [main] INFO  api.test.userPOSTInvalidTest - ********* createRequestBody*************
21:57:37.097 [main] INFO  api.test.userPOSTInvalidTest - ********* performPostRequest*************
21:57:37.097 [main] INFO  api.test.userPOSTInvalidTest - ********* createRequestBody*************
21:57:37.515 [main] INFO  api.test.userPOSTInvalidTest - ********* performPostRequest*************
21:57:37.515 [main] INFO  api.test.userPOSTInvalidTest - ********* createRequestBody*************
21:57:37.918 [main] INFO  api.test.userPOSTInvalidTest - ********* performPostRequest*************
21:57:37.918 [main] INFO  api.test.userPOSTInvalidTest - ********* createRequestBody*************
21:57:38.385 [main] INFO  api.test.userPOSTInvalidTest - ********* performPostRequest*************
21:57:38.385 [main] INFO  api.test.userPOSTInvalidTest - ********* createRequestBody*************
21:57:38.837 [main] DEBUG api.test.getInvalidTest - debugging............
21:57:38.840 [main] INFO  api.test.getInvalidTest - ********* invalidUserIds*************
21:57:38.843 [main] INFO  api.test.getInvalidTest - ********* testGetUserWithInvalidId*************
21:57:39.298 [main] INFO  api.test.getInvalidTest - ********* testGetUserWithInvalidId*************
21:57:39.707 [main] INFO  api.test.getInvalidTest - ********* invalidUserIdsAlphaNum*************
21:57:39.708 [main] INFO  api.test.getInvalidTest - ********* testGetUserWithInvalidIdAlphaNum*************
21:57:40.114 [main] INFO  api.test.getInvalidTest - ********* testGetUserWithInvalidIdAlphaNum*************
21:57:40.538 [main] INFO  api.test.getInvalidTest - ********* testGetUserWithoneInvalidId*************
21:57:40.980 [main] INFO  api.test.getInvalidTest - ********* test_getAllUsers*************
21:57:41.986 [main] DEBUG api.test.userUpdateInvalidTest - debugging............
21:57:41.987 [main] INFO  api.test.userUpdateInvalidTest - ********* testUsingUserObject*************
21:57:41.993 [main] INFO  api.test.userUpdateInvalidTest - ********* testPutRequests*************
21:57:41.994 [main] INFO  api.test.userUpdateInvalidTest - ********* performUpdateRequest*************
21:57:41.994 [main] INFO  api.test.userUpdateInvalidTest - ********* createRequestBodyUpdateRequest*************
21:57:42.413 [main] INFO  api.test.userUpdateInvalidTest - ********* performUpdateRequest*************
21:57:42.413 [main] INFO  api.test.userUpdateInvalidTest - ********* createRequestBodyUpdateRequest*************
21:57:42.849 [main] INFO  api.test.userUpdateInvalidTest - ********* performUpdateRequest*************
21:57:42.850 [main] INFO  api.test.userUpdateInvalidTest - ********* createRequestBodyUpdateRequest*************
21:57:43.247 [main] INFO  api.test.userUpdateInvalidTest - ********* performUpdateRequest*************
21:57:43.248 [main] INFO  api.test.userUpdateInvalidTest - ********* createRequestBodyUpdateRequest*************
21:57:43.688 [main] INFO  api.test.userUpdateInvalidTest - ********* performUpdateRequest*************
21:57:43.688 [main] INFO  api.test.userUpdateInvalidTest - ********* createRequestBodyUpdateRequest*************
21:57:44.131 [main] INFO  api.test.userUpdateInvalidTest - ********* performUpdateRequest*************
21:57:44.131 [main] INFO  api.test.userUpdateInvalidTest - ********* createRequestBodyUpdateRequest*************
21:57:44.538 [main] INFO  api.test.userUpdateInvalidTest - ********* performUpdateRequest*************
21:57:44.539 [main] INFO  api.test.userUpdateInvalidTest - ********* createRequestBodyUpdateRequest*************
21:57:44.949 [main] INFO  api.test.userUpdateInvalidTest - ********* performUpdateRequest*************
21:57:44.949 [main] INFO  api.test.userUpdateInvalidTest - ********* createRequestBodyUpdateRequest*************
21:57:45.361 [main] INFO  api.test.userUpdateInvalidTest - ********* performUpdateRequest*************
21:57:45.361 [main] INFO  api.test.userUpdateInvalidTest - ********* createRequestBodyUpdateRequest*************
21:57:45.799 [main] INFO  api.test.userUpdateInvalidTest - ********* performUpdateRequest*************
21:57:45.800 [main] INFO  api.test.userUpdateInvalidTest - ********* createRequestBodyUpdateRequest*************
21:57:46.213 [main] INFO  api.test.userUpdateInvalidTest - ********* performUpdateRequest*************
21:57:46.213 [main] INFO  api.test.userUpdateInvalidTest - ********* createRequestBodyUpdateRequest*************
21:57:46.595 [main] INFO  api.test.userUpdateInvalidTest - ********* performUpdateRequest*************
21:57:46.595 [main] INFO  api.test.userUpdateInvalidTest - ********* createRequestBodyUpdateRequest*************
21:57:46.992 [main] INFO  api.test.userUpdateInvalidTest - ********* performUpdateRequest*************
21:57:46.992 [main] INFO  api.test.userUpdateInvalidTest - ********* createRequestBodyUpdateRequest*************
21:57:47.394 [main] INFO  api.test.userUpdateInvalidTest - ********* performUpdateRequest*************
21:57:47.394 [main] INFO  api.test.userUpdateInvalidTest - ********* createRequestBodyUpdateRequest*************
21:57:47.796 [main] INFO  api.test.userUpdateInvalidTest - ********* performUpdateRequest*************
21:57:47.796 [main] INFO  api.test.userUpdateInvalidTest - ********* createRequestBodyUpdateRequest*************
21:57:48.232 [main] INFO  api.test.userUpdateInvalidTest - ********* performUpdateRequest*************
21:57:48.233 [main] INFO  api.test.userUpdateInvalidTest - ********* createRequestBodyUpdateRequest*************
21:57:48.628 [main] INFO  api.test.userUpdateInvalidTest - ********* performUpdateRequest*************
21:57:48.629 [main] INFO  api.test.userUpdateInvalidTest - ********* createRequestBodyUpdateRequest*************
21:57:49.066 [main] INFO  api.test.userUpdateInvalidTest - ********* performUpdateRequest*************
21:57:49.066 [main] INFO  api.test.userUpdateInvalidTest - ********* createRequestBodyUpdateRequest*************
21:57:49.498 [main] INFO  api.test.userUpdateInvalidTest - ********* performUpdateRequest*************
21:57:49.499 [main] INFO  api.test.userUpdateInvalidTest - ********* createRequestBodyUpdateRequest*************
21:57:50.326 [main] DEBUG api.test.deleteInvalidTest - debugging............
21:57:50.326 [main] INFO  api.test.deleteInvalidTest - ********* invalidUserIdsDELETE*************
21:57:50.327 [main] INFO  api.test.deleteInvalidTest - ********* testGetUserWithInvalidIdDELETE*************
21:57:50.745 [main] INFO  api.test.deleteInvalidTest - ********* testGetUserWithInvalidIdDELETE*************
21:57:51.189 [main] INFO  api.test.deleteInvalidTest - ********* invalidUserIdsAlphaNumDELETE*************
21:57:51.190 [main] INFO  api.test.deleteInvalidTest - ********* testGetUserWithInvalidIdAlphaNumDELETE*************
21:57:51.598 [main] INFO  api.test.deleteInvalidTest - ********* testGetUserWithInvalidIdAlphaNumDELETE*************
22:00:46.186 [main] DEBUG api.test.UserTests2 - debugging............
22:00:46.213 [main] INFO  api.test.UserTests2 - ********* Creating user*************
22:00:49.091 [main] INFO  api.test.UserTests2 - ********* Get user by ID*************
22:00:50.872 [main] DEBUG api.test.userPOSTInvalidTest - debugging............
22:00:50.873 [main] INFO  api.test.userPOSTInvalidTest - ********* Creating POSTInvalidRequests*************
22:00:50.878 [main] INFO  api.test.userPOSTInvalidTest - ********* performPostRequest*************
22:00:50.881 [main] INFO  api.test.userPOSTInvalidTest - ********* createRequestBody*************
22:00:51.320 [main] INFO  api.test.userPOSTInvalidTest - ********* performPostRequest*************
22:00:51.320 [main] INFO  api.test.userPOSTInvalidTest - ********* createRequestBody*************
22:00:51.740 [main] INFO  api.test.userPOSTInvalidTest - ********* performPostRequest*************
22:00:51.740 [main] INFO  api.test.userPOSTInvalidTest - ********* createRequestBody*************
22:00:52.179 [main] INFO  api.test.userPOSTInvalidTest - ********* performPostRequest*************
22:00:52.180 [main] INFO  api.test.userPOSTInvalidTest - ********* createRequestBody*************
22:00:52.604 [main] INFO  api.test.userPOSTInvalidTest - ********* performPostRequest*************
22:00:52.604 [main] INFO  api.test.userPOSTInvalidTest - ********* createRequestBody*************
22:00:53.044 [main] INFO  api.test.userPOSTInvalidTest - ********* performPostRequest*************
22:00:53.044 [main] INFO  api.test.userPOSTInvalidTest - ********* createRequestBody*************
22:00:53.446 [main] INFO  api.test.userPOSTInvalidTest - ********* performPostRequest*************
22:00:53.446 [main] INFO  api.test.userPOSTInvalidTest - ********* createRequestBody*************
22:00:53.894 [main] INFO  api.test.userPOSTInvalidTest - ********* performPostRequest*************
22:00:53.894 [main] INFO  api.test.userPOSTInvalidTest - ********* createRequestBody*************
22:00:54.337 [main] INFO  api.test.userPOSTInvalidTest - ********* performPostRequest*************
22:00:54.337 [main] INFO  api.test.userPOSTInvalidTest - ********* createRequestBody*************
22:00:54.759 [main] INFO  api.test.userPOSTInvalidTest - ********* performPostRequest*************
22:00:54.760 [main] INFO  api.test.userPOSTInvalidTest - ********* createRequestBody*************
22:00:55.179 [main] INFO  api.test.userPOSTInvalidTest - ********* performPostRequest*************
22:00:55.179 [main] INFO  api.test.userPOSTInvalidTest - ********* createRequestBody*************
22:00:55.620 [main] INFO  api.test.userPOSTInvalidTest - ********* performPostRequest*************
22:00:55.620 [main] INFO  api.test.userPOSTInvalidTest - ********* createRequestBody*************
22:00:56.066 [main] INFO  api.test.userPOSTInvalidTest - ********* performPostRequest*************
22:00:56.066 [main] INFO  api.test.userPOSTInvalidTest - ********* createRequestBody*************
22:00:56.499 [main] INFO  api.test.userPOSTInvalidTest - ********* performPostRequest*************
22:00:56.500 [main] INFO  api.test.userPOSTInvalidTest - ********* createRequestBody*************
22:00:56.924 [main] INFO  api.test.userPOSTInvalidTest - ********* performPostRequest*************
22:00:56.925 [main] INFO  api.test.userPOSTInvalidTest - ********* createRequestBody*************
22:00:57.322 [main] INFO  api.test.userPOSTInvalidTest - ********* performPostRequest*************
22:00:57.322 [main] INFO  api.test.userPOSTInvalidTest - ********* createRequestBody*************
22:00:57.776 [main] INFO  api.test.userPOSTInvalidTest - ********* performPostRequest*************
22:00:57.776 [main] INFO  api.test.userPOSTInvalidTest - ********* createRequestBody*************
22:00:58.253 [main] INFO  api.test.userPOSTInvalidTest - ********* performPostRequest*************
22:00:58.253 [main] INFO  api.test.userPOSTInvalidTest - ********* createRequestBody*************
22:00:58.689 [main] INFO  api.test.userPOSTInvalidTest - ********* performPostRequest*************
22:00:58.690 [main] INFO  api.test.userPOSTInvalidTest - ********* createRequestBody*************
22:00:59.315 [main] DEBUG api.test.getInvalidTest - debugging............
22:00:59.318 [main] INFO  api.test.getInvalidTest - ********* invalidUserIds*************
22:00:59.323 [main] INFO  api.test.getInvalidTest - ********* testGetUserWithInvalidId*************
22:00:59.818 [main] INFO  api.test.getInvalidTest - ********* testGetUserWithInvalidId*************
22:01:00.333 [main] INFO  api.test.getInvalidTest - ********* invalidUserIdsAlphaNum*************
22:01:00.334 [main] INFO  api.test.getInvalidTest - ********* testGetUserWithInvalidIdAlphaNum*************
22:01:00.873 [main] INFO  api.test.getInvalidTest - ********* testGetUserWithInvalidIdAlphaNum*************
22:01:01.405 [main] INFO  api.test.getInvalidTest - ********* testGetUserWithoneInvalidId*************
22:01:02.072 [main] INFO  api.test.getInvalidTest - ********* test_getAllUsers*************
22:01:03.139 [main] DEBUG api.test.userUpdateInvalidTest - debugging............
22:01:03.140 [main] INFO  api.test.userUpdateInvalidTest - ********* Creating user*************
22:01:03.146 [main] INFO  api.test.userUpdateInvalidTest - ********* testPutRequests*************
22:01:03.147 [main] INFO  api.test.userUpdateInvalidTest - ********* performUpdateRequest*************
22:01:03.147 [main] INFO  api.test.userUpdateInvalidTest - ********* createRequestBodyUpdateRequest*************
22:01:03.661 [main] INFO  api.test.userUpdateInvalidTest - ********* performUpdateRequest*************
22:01:03.661 [main] INFO  api.test.userUpdateInvalidTest - ********* createRequestBodyUpdateRequest*************
22:01:04.226 [main] INFO  api.test.userUpdateInvalidTest - ********* performUpdateRequest*************
22:01:04.227 [main] INFO  api.test.userUpdateInvalidTest - ********* createRequestBodyUpdateRequest*************
22:01:04.641 [main] INFO  api.test.userUpdateInvalidTest - ********* performUpdateRequest*************
22:01:04.641 [main] INFO  api.test.userUpdateInvalidTest - ********* createRequestBodyUpdateRequest*************
22:01:05.049 [main] INFO  api.test.userUpdateInvalidTest - ********* performUpdateRequest*************
22:01:05.050 [main] INFO  api.test.userUpdateInvalidTest - ********* createRequestBodyUpdateRequest*************
22:01:05.449 [main] INFO  api.test.userUpdateInvalidTest - ********* performUpdateRequest*************
22:01:05.449 [main] INFO  api.test.userUpdateInvalidTest - ********* createRequestBodyUpdateRequest*************
22:01:05.863 [main] INFO  api.test.userUpdateInvalidTest - ********* performUpdateRequest*************
22:01:05.863 [main] INFO  api.test.userUpdateInvalidTest - ********* createRequestBodyUpdateRequest*************
22:01:06.278 [main] INFO  api.test.userUpdateInvalidTest - ********* performUpdateRequest*************
22:01:06.279 [main] INFO  api.test.userUpdateInvalidTest - ********* createRequestBodyUpdateRequest*************
22:01:06.723 [main] INFO  api.test.userUpdateInvalidTest - ********* performUpdateRequest*************
22:01:06.724 [main] INFO  api.test.userUpdateInvalidTest - ********* createRequestBodyUpdateRequest*************
22:01:07.125 [main] INFO  api.test.userUpdateInvalidTest - ********* performUpdateRequest*************
22:01:07.125 [main] INFO  api.test.userUpdateInvalidTest - ********* createRequestBodyUpdateRequest*************
22:01:07.539 [main] INFO  api.test.userUpdateInvalidTest - ********* performUpdateRequest*************
22:01:07.539 [main] INFO  api.test.userUpdateInvalidTest - ********* createRequestBodyUpdateRequest*************
22:01:07.944 [main] INFO  api.test.userUpdateInvalidTest - ********* performUpdateRequest*************
22:01:07.945 [main] INFO  api.test.userUpdateInvalidTest - ********* createRequestBodyUpdateRequest*************
22:01:08.390 [main] INFO  api.test.userUpdateInvalidTest - ********* performUpdateRequest*************
22:01:08.390 [main] INFO  api.test.userUpdateInvalidTest - ********* createRequestBodyUpdateRequest*************
22:01:08.837 [main] INFO  api.test.userUpdateInvalidTest - ********* performUpdateRequest*************
22:01:08.838 [main] INFO  api.test.userUpdateInvalidTest - ********* createRequestBodyUpdateRequest*************
22:01:09.239 [main] INFO  api.test.userUpdateInvalidTest - ********* performUpdateRequest*************
22:01:09.239 [main] INFO  api.test.userUpdateInvalidTest - ********* createRequestBodyUpdateRequest*************
22:01:09.684 [main] INFO  api.test.userUpdateInvalidTest - ********* performUpdateRequest*************
22:01:09.684 [main] INFO  api.test.userUpdateInvalidTest - ********* createRequestBodyUpdateRequest*************
22:01:10.091 [main] INFO  api.test.userUpdateInvalidTest - ********* performUpdateRequest*************
22:01:10.092 [main] INFO  api.test.userUpdateInvalidTest - ********* createRequestBodyUpdateRequest*************
22:01:10.510 [main] INFO  api.test.userUpdateInvalidTest - ********* performUpdateRequest*************
22:01:10.510 [main] INFO  api.test.userUpdateInvalidTest - ********* createRequestBodyUpdateRequest*************
22:01:10.957 [main] INFO  api.test.userUpdateInvalidTest - ********* performUpdateRequest*************
22:01:10.957 [main] INFO  api.test.userUpdateInvalidTest - ********* createRequestBodyUpdateRequest*************
22:01:11.822 [main] DEBUG api.test.deleteInvalidTest - debugging............
22:01:11.822 [main] INFO  api.test.deleteInvalidTest - ********* invalidUserIdsDELETE*************
22:01:11.823 [main] INFO  api.test.deleteInvalidTest - ********* testGetUserWithInvalidIdDELETE*************
22:01:12.239 [main] INFO  api.test.deleteInvalidTest - ********* testGetUserWithInvalidIdDELETE*************
22:01:12.650 [main] INFO  api.test.deleteInvalidTest - ********* invalidUserIdsAlphaNumDELETE*************
22:01:12.651 [main] INFO  api.test.deleteInvalidTest - ********* testGetUserWithInvalidIdAlphaNumDELETE*************
22:01:13.088 [main] INFO  api.test.deleteInvalidTest - ********* testGetUserWithInvalidIdAlphaNumDELETE*************
22:07:08.168 [main] DEBUG api.test.UserTests2 - debugging............
22:07:08.194 [main] INFO  api.test.UserTests2 - ********* Creating user*************
22:07:11.300 [main] INFO  api.test.UserTests2 - ********* Get user by ID*************
22:07:13.145 [main] DEBUG api.test.userPOSTInvalidTest - debugging............
22:07:13.145 [main] INFO  api.test.userPOSTInvalidTest - ********* Creating POSTInvalidRequests*************
22:07:13.148 [main] INFO  api.test.userPOSTInvalidTest - ********* performPostRequest*************
22:07:13.151 [main] INFO  api.test.userPOSTInvalidTest - ********* createRequestBody*************
22:07:13.574 [main] INFO  api.test.userPOSTInvalidTest - ********* performPostRequest*************
22:07:13.574 [main] INFO  api.test.userPOSTInvalidTest - ********* createRequestBody*************
22:07:14.116 [main] INFO  api.test.userPOSTInvalidTest - ********* performPostRequest*************
22:07:14.116 [main] INFO  api.test.userPOSTInvalidTest - ********* createRequestBody*************
22:07:14.615 [main] INFO  api.test.userPOSTInvalidTest - ********* performPostRequest*************
22:07:14.615 [main] INFO  api.test.userPOSTInvalidTest - ********* createRequestBody*************
22:07:15.046 [main] INFO  api.test.userPOSTInvalidTest - ********* performPostRequest*************
22:07:15.046 [main] INFO  api.test.userPOSTInvalidTest - ********* createRequestBody*************
22:07:15.501 [main] INFO  api.test.userPOSTInvalidTest - ********* performPostRequest*************
22:07:15.502 [main] INFO  api.test.userPOSTInvalidTest - ********* createRequestBody*************
22:07:15.959 [main] INFO  api.test.userPOSTInvalidTest - ********* performPostRequest*************
22:07:15.959 [main] INFO  api.test.userPOSTInvalidTest - ********* createRequestBody*************
22:07:16.393 [main] INFO  api.test.userPOSTInvalidTest - ********* performPostRequest*************
22:07:16.393 [main] INFO  api.test.userPOSTInvalidTest - ********* createRequestBody*************
22:07:16.866 [main] INFO  api.test.userPOSTInvalidTest - ********* performPostRequest*************
22:07:16.867 [main] INFO  api.test.userPOSTInvalidTest - ********* createRequestBody*************
22:07:17.301 [main] INFO  api.test.userPOSTInvalidTest - ********* performPostRequest*************
22:07:17.302 [main] INFO  api.test.userPOSTInvalidTest - ********* createRequestBody*************
22:07:17.722 [main] INFO  api.test.userPOSTInvalidTest - ********* performPostRequest*************
22:07:17.723 [main] INFO  api.test.userPOSTInvalidTest - ********* createRequestBody*************
22:07:18.133 [main] INFO  api.test.userPOSTInvalidTest - ********* performPostRequest*************
22:07:18.134 [main] INFO  api.test.userPOSTInvalidTest - ********* createRequestBody*************
22:07:18.585 [main] INFO  api.test.userPOSTInvalidTest - ********* performPostRequest*************
22:07:18.585 [main] INFO  api.test.userPOSTInvalidTest - ********* createRequestBody*************
22:07:18.998 [main] INFO  api.test.userPOSTInvalidTest - ********* performPostRequest*************
22:07:18.999 [main] INFO  api.test.userPOSTInvalidTest - ********* createRequestBody*************
22:07:19.401 [main] INFO  api.test.userPOSTInvalidTest - ********* performPostRequest*************
22:07:19.401 [main] INFO  api.test.userPOSTInvalidTest - ********* createRequestBody*************
22:07:19.818 [main] INFO  api.test.userPOSTInvalidTest - ********* performPostRequest*************
22:07:19.818 [main] INFO  api.test.userPOSTInvalidTest - ********* createRequestBody*************
22:07:20.247 [main] INFO  api.test.userPOSTInvalidTest - ********* performPostRequest*************
22:07:20.248 [main] INFO  api.test.userPOSTInvalidTest - ********* createRequestBody*************
22:07:20.687 [main] INFO  api.test.userPOSTInvalidTest - ********* performPostRequest*************
22:07:20.687 [main] INFO  api.test.userPOSTInvalidTest - ********* createRequestBody*************
22:07:21.140 [main] INFO  api.test.userPOSTInvalidTest - ********* performPostRequest*************
22:07:21.140 [main] INFO  api.test.userPOSTInvalidTest - ********* createRequestBody*************
22:07:21.578 [main] DEBUG api.test.getInvalidTest - debugging............
22:07:21.582 [main] INFO  api.test.getInvalidTest - ********* invalidUserIds*************
22:07:21.589 [main] INFO  api.test.getInvalidTest - ********* testGetUserWithInvalidId*************
