10:38:40.500 [main] DEBUG api.test.UserTests2 - debugging............
10:38:40.511 [main] INFO  api.test.UserTests2 - ********* Creating user*************
10:38:42.111 [main] INFO  api.test.UserTests2 - ********* Get user by ID*************
10:38:44.379 [main] DEBUG api.test.userPOSTInvalidTest - debugging............
10:38:44.381 [main] INFO  api.test.userPOSTInvalidTest - ********* Creating POSTInvalidRequests*************
10:38:44.388 [main] INFO  api.test.userPOSTInvalidTest - ********* performPostRequest*************
10:38:44.393 [main] INFO  api.test.userPOSTInvalidTest - ********* createRequestBody*************
10:38:44.913 [main] INFO  api.test.userPOSTInvalidTest - ********* performPostRequest*************
10:38:44.916 [main] INFO  api.test.userPOSTInvalidTest - ********* createRequestBody*************
10:38:45.453 [main] INFO  api.test.userPOSTInvalidTest - ********* performPostRequest*************
10:38:45.454 [main] INFO  api.test.userPOSTInvalidTest - ********* createRequestBody*************
10:38:46.108 [main] INFO  api.test.userPOSTInvalidTest - ********* performPostRequest*************
10:38:46.109 [main] INFO  api.test.userPOSTInvalidTest - ********* createRequestBody*************
10:38:46.519 [main] INFO  api.test.userPOSTInvalidTest - ********* performPostRequest*************
10:38:46.519 [main] INFO  api.test.userPOSTInvalidTest - ********* createRequestBody*************
10:38:47.048 [main] INFO  api.test.userPOSTInvalidTest - ********* performPostRequest*************
10:38:47.048 [main] INFO  api.test.userPOSTInvalidTest - ********* createRequestBody*************
10:38:47.706 [main] INFO  api.test.userPOSTInvalidTest - ********* performPostRequest*************
10:38:47.706 [main] INFO  api.test.userPOSTInvalidTest - ********* createRequestBody*************
10:38:48.266 [main] INFO  api.test.userPOSTInvalidTest - ********* performPostRequest*************
10:38:48.266 [main] INFO  api.test.userPOSTInvalidTest - ********* createRequestBody*************
10:38:48.712 [main] INFO  api.test.userPOSTInvalidTest - ********* performPostRequest*************
10:38:48.713 [main] INFO  api.test.userPOSTInvalidTest - ********* createRequestBody*************
10:38:49.165 [main] INFO  api.test.userPOSTInvalidTest - ********* performPostRequest*************
10:38:49.165 [main] INFO  api.test.userPOSTInvalidTest - ********* createRequestBody*************
10:38:49.600 [main] INFO  api.test.userPOSTInvalidTest - ********* performPostRequest*************
10:38:49.600 [main] INFO  api.test.userPOSTInvalidTest - ********* createRequestBody*************
10:38:50.043 [main] INFO  api.test.userPOSTInvalidTest - ********* performPostRequest*************
10:38:50.044 [main] INFO  api.test.userPOSTInvalidTest - ********* createRequestBody*************
10:38:50.453 [main] INFO  api.test.userPOSTInvalidTest - ********* performPostRequest*************
10:38:50.453 [main] INFO  api.test.userPOSTInvalidTest - ********* createRequestBody*************
10:38:50.877 [main] INFO  api.test.userPOSTInvalidTest - ********* performPostRequest*************
10:38:50.877 [main] INFO  api.test.userPOSTInvalidTest - ********* createRequestBody*************
10:38:51.297 [main] INFO  api.test.userPOSTInvalidTest - ********* performPostRequest*************
10:38:51.297 [main] INFO  api.test.userPOSTInvalidTest - ********* createRequestBody*************
10:38:51.740 [main] INFO  api.test.userPOSTInvalidTest - ********* performPostRequest*************
10:38:51.740 [main] INFO  api.test.userPOSTInvalidTest - ********* createRequestBody*************
10:38:52.150 [main] INFO  api.test.userPOSTInvalidTest - ********* performPostRequest*************
10:38:52.150 [main] INFO  api.test.userPOSTInvalidTest - ********* createRequestBody*************
10:38:52.590 [main] INFO  api.test.userPOSTInvalidTest - ********* performPostRequest*************
10:38:52.591 [main] INFO  api.test.userPOSTInvalidTest - ********* createRequestBody*************
10:38:53.054 [main] INFO  api.test.userPOSTInvalidTest - ********* performPostRequest*************
10:38:53.054 [main] INFO  api.test.userPOSTInvalidTest - ********* createRequestBody*************
10:38:53.506 [main] DEBUG api.test.getInvalidTest - debugging............
10:38:53.509 [main] INFO  api.test.getInvalidTest - ********* invalidUserIds*************
10:38:53.514 [main] INFO  api.test.getInvalidTest - ********* testGetUserWithInvalidId*************
10:38:53.922 [main] INFO  api.test.getInvalidTest - ********* testGetUserWithInvalidId*************
10:38:54.332 [main] INFO  api.test.getInvalidTest - ********* invalidUserIdsAlphaNum*************
10:38:54.333 [main] INFO  api.test.getInvalidTest - ********* testGetUserWithInvalidIdAlphaNum*************
10:38:54.722 [main] INFO  api.test.getInvalidTest - ********* testGetUserWithInvalidIdAlphaNum*************
10:38:55.165 [main] INFO  api.test.getInvalidTest - ********* testGetUserWithoneInvalidId*************
10:38:55.554 [main] DEBUG api.test.userUpdateInvalidTest - debugging............
10:38:55.556 [main] INFO  api.test.userUpdateInvalidTest - ********* testPutRequests*************
10:38:55.557 [main] INFO  api.test.userUpdateInvalidTest - ********* performUpdateRequest*************
10:38:55.557 [main] INFO  api.test.userUpdateInvalidTest - ********* createRequestBodyUpdateRequest*************
10:38:56.012 [main] INFO  api.test.userUpdateInvalidTest - ********* performUpdateRequest*************
10:38:56.012 [main] INFO  api.test.userUpdateInvalidTest - ********* createRequestBodyUpdateRequest*************
10:38:56.435 [main] INFO  api.test.userUpdateInvalidTest - ********* performUpdateRequest*************
10:38:56.435 [main] INFO  api.test.userUpdateInvalidTest - ********* createRequestBodyUpdateRequest*************
10:38:56.873 [main] INFO  api.test.userUpdateInvalidTest - ********* performUpdateRequest*************
10:38:56.873 [main] INFO  api.test.userUpdateInvalidTest - ********* createRequestBodyUpdateRequest*************
10:38:57.278 [main] INFO  api.test.userUpdateInvalidTest - ********* performUpdateRequest*************
10:38:57.278 [main] INFO  api.test.userUpdateInvalidTest - ********* createRequestBodyUpdateRequest*************
10:38:57.690 [main] INFO  api.test.userUpdateInvalidTest - ********* performUpdateRequest*************
10:38:57.691 [main] INFO  api.test.userUpdateInvalidTest - ********* createRequestBodyUpdateRequest*************
10:38:58.092 [main] INFO  api.test.userUpdateInvalidTest - ********* performUpdateRequest*************
10:38:58.093 [main] INFO  api.test.userUpdateInvalidTest - ********* createRequestBodyUpdateRequest*************
10:38:58.511 [main] INFO  api.test.userUpdateInvalidTest - ********* performUpdateRequest*************
10:38:58.511 [main] INFO  api.test.userUpdateInvalidTest - ********* createRequestBodyUpdateRequest*************
10:38:58.929 [main] INFO  api.test.userUpdateInvalidTest - ********* performUpdateRequest*************
10:38:58.929 [main] INFO  api.test.userUpdateInvalidTest - ********* createRequestBodyUpdateRequest*************
10:38:59.332 [main] INFO  api.test.userUpdateInvalidTest - ********* performUpdateRequest*************
10:38:59.332 [main] INFO  api.test.userUpdateInvalidTest - ********* createRequestBodyUpdateRequest*************
10:38:59.750 [main] INFO  api.test.userUpdateInvalidTest - ********* performUpdateRequest*************
10:38:59.751 [main] INFO  api.test.userUpdateInvalidTest - ********* createRequestBodyUpdateRequest*************
10:39:00.194 [main] INFO  api.test.userUpdateInvalidTest - ********* performUpdateRequest*************
10:39:00.195 [main] INFO  api.test.userUpdateInvalidTest - ********* createRequestBodyUpdateRequest*************
10:39:00.607 [main] INFO  api.test.userUpdateInvalidTest - ********* performUpdateRequest*************
10:39:00.607 [main] INFO  api.test.userUpdateInvalidTest - ********* createRequestBodyUpdateRequest*************
10:39:01.043 [main] INFO  api.test.userUpdateInvalidTest - ********* performUpdateRequest*************
10:39:01.043 [main] INFO  api.test.userUpdateInvalidTest - ********* createRequestBodyUpdateRequest*************
10:39:01.497 [main] INFO  api.test.userUpdateInvalidTest - ********* performUpdateRequest*************
10:39:01.498 [main] INFO  api.test.userUpdateInvalidTest - ********* createRequestBodyUpdateRequest*************
10:39:01.956 [main] INFO  api.test.userUpdateInvalidTest - ********* performUpdateRequest*************
10:39:01.956 [main] INFO  api.test.userUpdateInvalidTest - ********* createRequestBodyUpdateRequest*************
10:39:02.370 [main] INFO  api.test.userUpdateInvalidTest - ********* performUpdateRequest*************
10:39:02.370 [main] INFO  api.test.userUpdateInvalidTest - ********* createRequestBodyUpdateRequest*************
10:39:02.807 [main] INFO  api.test.userUpdateInvalidTest - ********* performUpdateRequest*************
10:39:02.808 [main] INFO  api.test.userUpdateInvalidTest - ********* createRequestBodyUpdateRequest*************
10:39:03.239 [main] INFO  api.test.userUpdateInvalidTest - ********* performUpdateRequest*************
10:39:03.240 [main] INFO  api.test.userUpdateInvalidTest - ********* createRequestBodyUpdateRequest*************
10:39:03.729 [main] INFO  api.test.userUpdateInvalidTest - ********* Creating user*************
10:39:04.747 [main] DEBUG api.test.deleteInvalidTest - debugging............
10:39:04.747 [main] INFO  api.test.deleteInvalidTest - ********* invalidUserIdsDELETE*************
10:39:04.749 [main] INFO  api.test.deleteInvalidTest - ********* testGetUserWithInvalidIdDELETE*************
10:39:05.186 [main] INFO  api.test.deleteInvalidTest - ********* testGetUserWithInvalidIdDELETE*************
10:39:05.589 [main] INFO  api.test.deleteInvalidTest - ********* invalidUserIdsAlphaNumDELETE*************
10:39:05.590 [main] INFO  api.test.deleteInvalidTest - ********* testGetUserWithInvalidIdAlphaNumDELETE*************
10:39:05.999 [main] INFO  api.test.deleteInvalidTest - ********* testGetUserWithInvalidIdAlphaNumDELETE*************
11:21:10.109 [main] DEBUG api.test.UserTests2 - debugging............
11:21:10.122 [main] INFO  api.test.UserTests2 - ********* Creating user*************
11:21:11.776 [main] INFO  api.test.UserTests2 - ********* Get user by ID*************
11:21:13.613 [main] DEBUG api.test.userPOSTInvalidTest - debugging............
11:21:13.617 [main] INFO  api.test.userPOSTInvalidTest - ********* Creating POSTInvalidRequests*************
11:21:13.623 [main] INFO  api.test.userPOSTInvalidTest - ********* performPostRequest*************
11:21:13.629 [main] INFO  api.test.userPOSTInvalidTest - ********* createRequestBody*************
11:21:14.039 [main] INFO  api.test.userPOSTInvalidTest - ********* performPostRequest*************
11:21:14.039 [main] INFO  api.test.userPOSTInvalidTest - ********* createRequestBody*************
11:21:14.496 [main] INFO  api.test.userPOSTInvalidTest - ********* performPostRequest*************
11:21:14.497 [main] INFO  api.test.userPOSTInvalidTest - ********* createRequestBody*************
11:21:14.918 [main] INFO  api.test.userPOSTInvalidTest - ********* performPostRequest*************
11:21:14.918 [main] INFO  api.test.userPOSTInvalidTest - ********* createRequestBody*************
11:21:15.368 [main] INFO  api.test.userPOSTInvalidTest - ********* performPostRequest*************
11:21:15.368 [main] INFO  api.test.userPOSTInvalidTest - ********* createRequestBody*************
11:21:15.784 [main] INFO  api.test.userPOSTInvalidTest - ********* performPostRequest*************
11:21:15.784 [main] INFO  api.test.userPOSTInvalidTest - ********* createRequestBody*************
11:21:16.177 [main] INFO  api.test.userPOSTInvalidTest - ********* performPostRequest*************
11:21:16.177 [main] INFO  api.test.userPOSTInvalidTest - ********* createRequestBody*************
11:21:16.603 [main] INFO  api.test.userPOSTInvalidTest - ********* performPostRequest*************
11:21:16.603 [main] INFO  api.test.userPOSTInvalidTest - ********* createRequestBody*************
11:21:17.027 [main] INFO  api.test.userPOSTInvalidTest - ********* performPostRequest*************
11:21:17.027 [main] INFO  api.test.userPOSTInvalidTest - ********* createRequestBody*************
11:21:17.439 [main] INFO  api.test.userPOSTInvalidTest - ********* performPostRequest*************
11:21:17.439 [main] INFO  api.test.userPOSTInvalidTest - ********* createRequestBody*************
11:21:17.854 [main] INFO  api.test.userPOSTInvalidTest - ********* performPostRequest*************
11:21:17.854 [main] INFO  api.test.userPOSTInvalidTest - ********* createRequestBody*************
11:21:18.288 [main] INFO  api.test.userPOSTInvalidTest - ********* performPostRequest*************
11:21:18.288 [main] INFO  api.test.userPOSTInvalidTest - ********* createRequestBody*************
11:21:18.713 [main] INFO  api.test.userPOSTInvalidTest - ********* performPostRequest*************
11:21:18.713 [main] INFO  api.test.userPOSTInvalidTest - ********* createRequestBody*************
11:21:19.117 [main] INFO  api.test.userPOSTInvalidTest - ********* performPostRequest*************
11:21:19.117 [main] INFO  api.test.userPOSTInvalidTest - ********* createRequestBody*************
11:21:19.522 [main] INFO  api.test.userPOSTInvalidTest - ********* performPostRequest*************
11:21:19.522 [main] INFO  api.test.userPOSTInvalidTest - ********* createRequestBody*************
11:21:19.947 [main] INFO  api.test.userPOSTInvalidTest - ********* performPostRequest*************
11:21:19.947 [main] INFO  api.test.userPOSTInvalidTest - ********* createRequestBody*************
11:21:20.381 [main] INFO  api.test.userPOSTInvalidTest - ********* performPostRequest*************
11:21:20.381 [main] INFO  api.test.userPOSTInvalidTest - ********* createRequestBody*************
11:21:20.793 [main] INFO  api.test.userPOSTInvalidTest - ********* performPostRequest*************
11:21:20.793 [main] INFO  api.test.userPOSTInvalidTest - ********* createRequestBody*************
11:21:21.197 [main] INFO  api.test.userPOSTInvalidTest - ********* performPostRequest*************
11:21:21.198 [main] INFO  api.test.userPOSTInvalidTest - ********* createRequestBody*************
11:21:21.610 [main] DEBUG api.test.getInvalidTest - debugging............
11:21:21.612 [main] INFO  api.test.getInvalidTest - ********* invalidUserIds*************
11:21:21.618 [main] INFO  api.test.getInvalidTest - ********* testGetUserWithInvalidId*************
11:21:22.053 [main] INFO  api.test.getInvalidTest - ********* testGetUserWithInvalidId*************
11:21:22.490 [main] INFO  api.test.getInvalidTest - ********* invalidUserIdsAlphaNum*************
11:21:22.493 [main] INFO  api.test.getInvalidTest - ********* testGetUserWithInvalidIdAlphaNum*************
11:21:22.917 [main] INFO  api.test.getInvalidTest - ********* testGetUserWithInvalidIdAlphaNum*************
11:21:23.355 [main] INFO  api.test.getInvalidTest - ********* testGetUserWithoneInvalidId*************
11:21:23.769 [main] DEBUG api.test.userUpdateInvalidTest - debugging............
11:21:23.771 [main] INFO  api.test.userUpdateInvalidTest - ********* testPutRequests*************
11:21:23.772 [main] INFO  api.test.userUpdateInvalidTest - ********* performUpdateRequest*************
11:21:23.772 [main] INFO  api.test.userUpdateInvalidTest - ********* createRequestBodyUpdateRequest*************
11:21:24.181 [main] INFO  api.test.userUpdateInvalidTest - ********* performUpdateRequest*************
11:21:24.181 [main] INFO  api.test.userUpdateInvalidTest - ********* createRequestBodyUpdateRequest*************
11:21:24.590 [main] INFO  api.test.userUpdateInvalidTest - ********* performUpdateRequest*************
11:21:24.590 [main] INFO  api.test.userUpdateInvalidTest - ********* createRequestBodyUpdateRequest*************
11:21:25.017 [main] INFO  api.test.userUpdateInvalidTest - ********* performUpdateRequest*************
11:21:25.017 [main] INFO  api.test.userUpdateInvalidTest - ********* createRequestBodyUpdateRequest*************
11:21:25.433 [main] INFO  api.test.userUpdateInvalidTest - ********* performUpdateRequest*************
11:21:25.433 [main] INFO  api.test.userUpdateInvalidTest - ********* createRequestBodyUpdateRequest*************
11:21:25.850 [main] INFO  api.test.userUpdateInvalidTest - ********* performUpdateRequest*************
11:21:25.851 [main] INFO  api.test.userUpdateInvalidTest - ********* createRequestBodyUpdateRequest*************
11:21:26.288 [main] INFO  api.test.userUpdateInvalidTest - ********* performUpdateRequest*************
11:21:26.288 [main] INFO  api.test.userUpdateInvalidTest - ********* createRequestBodyUpdateRequest*************
11:21:26.700 [main] INFO  api.test.userUpdateInvalidTest - ********* performUpdateRequest*************
11:21:26.701 [main] INFO  api.test.userUpdateInvalidTest - ********* createRequestBodyUpdateRequest*************
11:21:27.089 [main] INFO  api.test.userUpdateInvalidTest - ********* performUpdateRequest*************
11:21:27.089 [main] INFO  api.test.userUpdateInvalidTest - ********* createRequestBodyUpdateRequest*************
11:21:27.503 [main] INFO  api.test.userUpdateInvalidTest - ********* performUpdateRequest*************
11:21:27.503 [main] INFO  api.test.userUpdateInvalidTest - ********* createRequestBodyUpdateRequest*************
11:21:27.904 [main] INFO  api.test.userUpdateInvalidTest - ********* performUpdateRequest*************
11:21:27.904 [main] INFO  api.test.userUpdateInvalidTest - ********* createRequestBodyUpdateRequest*************
11:21:28.328 [main] INFO  api.test.userUpdateInvalidTest - ********* performUpdateRequest*************
11:21:28.329 [main] INFO  api.test.userUpdateInvalidTest - ********* createRequestBodyUpdateRequest*************
11:21:28.787 [main] INFO  api.test.userUpdateInvalidTest - ********* performUpdateRequest*************
11:21:28.787 [main] INFO  api.test.userUpdateInvalidTest - ********* createRequestBodyUpdateRequest*************
11:21:29.186 [main] INFO  api.test.userUpdateInvalidTest - ********* performUpdateRequest*************
11:21:29.186 [main] INFO  api.test.userUpdateInvalidTest - ********* createRequestBodyUpdateRequest*************
11:21:29.618 [main] INFO  api.test.userUpdateInvalidTest - ********* performUpdateRequest*************
11:21:29.618 [main] INFO  api.test.userUpdateInvalidTest - ********* createRequestBodyUpdateRequest*************
11:21:30.058 [main] INFO  api.test.userUpdateInvalidTest - ********* performUpdateRequest*************
11:21:30.059 [main] INFO  api.test.userUpdateInvalidTest - ********* createRequestBodyUpdateRequest*************
11:21:30.490 [main] INFO  api.test.userUpdateInvalidTest - ********* performUpdateRequest*************
11:21:30.490 [main] INFO  api.test.userUpdateInvalidTest - ********* createRequestBodyUpdateRequest*************
11:21:30.888 [main] INFO  api.test.userUpdateInvalidTest - ********* performUpdateRequest*************
11:21:30.889 [main] INFO  api.test.userUpdateInvalidTest - ********* createRequestBodyUpdateRequest*************
11:21:31.325 [main] INFO  api.test.userUpdateInvalidTest - ********* performUpdateRequest*************
11:21:31.325 [main] INFO  api.test.userUpdateInvalidTest - ********* createRequestBodyUpdateRequest*************
11:21:31.770 [main] INFO  api.test.userUpdateInvalidTest - ********* Creating user*************
11:21:32.847 [main] DEBUG api.test.deleteInvalidTest - debugging............
11:21:32.847 [main] INFO  api.test.deleteInvalidTest - ********* invalidUserIdsDELETE*************
11:21:32.850 [main] INFO  api.test.deleteInvalidTest - ********* testGetUserWithInvalidIdDELETE*************
11:21:33.260 [main] INFO  api.test.deleteInvalidTest - ********* testGetUserWithInvalidIdDELETE*************
11:21:33.657 [main] INFO  api.test.deleteInvalidTest - ********* invalidUserIdsAlphaNumDELETE*************
11:21:33.658 [main] INFO  api.test.deleteInvalidTest - ********* testGetUserWithInvalidIdAlphaNumDELETE*************
11:21:34.112 [main] INFO  api.test.deleteInvalidTest - ********* testGetUserWithInvalidIdAlphaNumDELETE*************
